This file contains any messages produced by compilers while
running configure, to aid debugging if configure makes a mistake.

It was created by dsmh-npsol configure 1.0, which was
generated by GNU Autoconf 2.69.  Invocation command line was

  $ ./configure LDFLAGS=-L/home/hongweiwu/npsol/Linux-x86_64/optimized/lib -lnpsol_f77 -llssol_f77 --prefix=/home/hongweiwu/dsmh_npsol_package/

## --------- ##
## Platform. ##
## --------- ##

hostname = localhost.localdomain
uname -m = x86_64
uname -r = 3.17.2-200.fc20.x86_64
uname -s = Linux
uname -v = #1 SMP Tue Nov 4 18:04:56 UTC 2014

/usr/bin/uname -p = x86_64
/bin/uname -X     = unknown

/bin/arch              = x86_64
/usr/bin/arch -k       = unknown
/usr/convex/getsysinfo = unknown
/usr/bin/hostinfo      = unknown
/bin/machine           = unknown
/usr/bin/oslevel       = unknown
/bin/universe          = unknown

PATH: /usr/local/bin
PATH: /usr/bin
PATH: /bin
PATH: /usr/local/sbin
PATH: /usr/sbin
PATH: /usr/lib64/mpich/bin/
PATH: /home/hongweiwu/hadoop/bin
PATH: /home/hongweiwu/hadoop/sbin
PATH: /home/hongweiwu/.local/bin
PATH: /home/hongweiwu/bin
PATH: /usr/lib64/mpich/bin/
PATH: /home/hongweiwu/hadoop/bin
PATH: /home/hongweiwu/hadoop/sbin


## ----------- ##
## Core tests. ##
## ----------- ##

configure:2342: checking for gcc
configure:2358: found /usr/bin/gcc
configure:2369: result: gcc
configure:2598: checking for C compiler version
configure:2607: gcc --version >&5
gcc (GCC) 4.8.3 20140911 (Red Hat 4.8.3-7)
Copyright (C) 2013 Free Software Foundation, Inc.
This is free software; see the source for copying conditions.  There is NO
warranty; not even for MERCHANTABILITY or FITNESS FOR A PARTICULAR PURPOSE.

configure:2618: $? = 0
configure:2607: gcc -v >&5
Using built-in specs.
COLLECT_GCC=gcc
COLLECT_LTO_WRAPPER=/usr/libexec/gcc/x86_64-redhat-linux/4.8.3/lto-wrapper
Target: x86_64-redhat-linux
Configured with: ../configure --prefix=/usr --mandir=/usr/share/man --infodir=/usr/share/info --with-bugurl=http://bugzilla.redhat.com/bugzilla --enable-bootstrap --enable-shared --enable-threads=posix --enable-checking=release --with-system-zlib --enable-__cxa_atexit --disable-libunwind-exceptions --enable-gnu-unique-object --enable-linker-build-id --with-linker-hash-style=gnu --enable-languages=c,c++,objc,obj-c++,java,fortran,ada,go,lto --enable-plugin --enable-initfini-array --enable-java-awt=gtk --disable-dssi --with-java-home=/usr/lib/jvm/java-1.5.0-gcj-1.5.0.0/jre --enable-libgcj-multifile --enable-java-maintainer-mode --with-ecj-jar=/usr/share/java/eclipse-ecj.jar --disable-libjava-multilib --with-isl=/builddir/build/BUILD/gcc-4.8.3-20140911/obj-x86_64-redhat-linux/isl-install --with-cloog=/builddir/build/BUILD/gcc-4.8.3-20140911/obj-x86_64-redhat-linux/cloog-install --with-tune=generic --with-arch_32=i686 --build=x86_64-redhat-linux
Thread model: posix
gcc version 4.8.3 20140911 (Red Hat 4.8.3-7) (GCC) 
configure:2618: $? = 0
configure:2607: gcc -V >&5
gcc: error: unrecognized command line option '-V'
gcc: fatal error: no input files
compilation terminated.
configure:2618: $? = 4
configure:2607: gcc -qversion >&5
gcc: error: unrecognized command line option '-qversion'
gcc: fatal error: no input files
compilation terminated.
configure:2618: $? = 4
configure:2638: checking whether the C compiler works
configure:2660: gcc   -L/home/hongweiwu/npsol/Linux-x86_64/optimized/lib -lnpsol_f77 -llssol_f77 conftest.c  >&5
configure:2664: $? = 0
configure:2712: result: yes
configure:2715: checking for C compiler default output file name
configure:2717: result: a.out
configure:2723: checking for suffix of executables
configure:2730: gcc -o conftest   -L/home/hongweiwu/npsol/Linux-x86_64/optimized/lib -lnpsol_f77 -llssol_f77 conftest.c  >&5
configure:2734: $? = 0
configure:2756: result: 
configure:2778: checking whether we are cross compiling
configure:2786: gcc -o conftest   -L/home/hongweiwu/npsol/Linux-x86_64/optimized/lib -lnpsol_f77 -llssol_f77 conftest.c  >&5
configure:2790: $? = 0
configure:2797: ./conftest
configure:2801: $? = 0
configure:2816: result: no
configure:2821: checking for suffix of object files
configure:2843: gcc -c   conftest.c >&5
configure:2847: $? = 0
configure:2868: result: o
configure:2872: checking whether we are using the GNU C compiler
configure:2891: gcc -c   conftest.c >&5
configure:2891: $? = 0
configure:2900: result: yes
configure:2909: checking whether gcc accepts -g
configure:2929: gcc -c -g  conftest.c >&5
configure:2929: $? = 0
configure:2970: result: yes
configure:2987: checking for gcc option to accept ISO C89
configure:3050: gcc  -c -g -O2  conftest.c >&5
configure:3050: $? = 0
configure:3063: result: none needed
configure:3133: checking for a BSD-compatible install
configure:3201: result: /usr/bin/install -c
configure:3212: checking whether build environment is sane
configure:3267: result: yes
configure:3418: checking for a thread-safe mkdir -p
configure:3457: result: /usr/bin/mkdir -p
configure:3464: checking for gawk
configure:3480: found /usr/bin/gawk
configure:3491: result: gawk
configure:3502: checking whether make sets $(MAKE)
configure:3524: result: yes
configure:3554: checking for style of include used by make
configure:3582: result: GNU
configure:3616: checking whether make supports nested variables
configure:3633: result: yes
configure:3718: checking dependency style of gcc
configure:3829: result: gcc3
configure:3866: checking how to run the C preprocessor
configure:3897: gcc -E  conftest.c
configure:3897: $? = 0
configure:3911: gcc -E  conftest.c
conftest.c:11:28: fatal error: ac_nonexistent.h: No such file or directory
 #include <ac_nonexistent.h>
                            ^
compilation terminated.
configure:3911: $? = 1
configure: failed program was:
| /* confdefs.h */
| #define PACKAGE_NAME "dsmh-npsol"
| #define PACKAGE_TARNAME "dsmh-npsol"
| #define PACKAGE_VERSION "1.0"
| #define PACKAGE_STRING "dsmh-npsol 1.0"
| #define PACKAGE_BUGREPORT "hongwei.wu@atl.frb.org"
| #define PACKAGE_URL ""
| #define PACKAGE "dsmh-npsol"
| #define VERSION "1.0"
| /* end confdefs.h.  */
| #include <ac_nonexistent.h>
configure:3936: result: gcc -E
configure:3956: gcc -E  conftest.c
configure:3956: $? = 0
configure:3970: gcc -E  conftest.c
conftest.c:11:28: fatal error: ac_nonexistent.h: No such file or directory
 #include <ac_nonexistent.h>
                            ^
compilation terminated.
configure:3970: $? = 1
configure: failed program was:
| /* confdefs.h */
| #define PACKAGE_NAME "dsmh-npsol"
| #define PACKAGE_TARNAME "dsmh-npsol"
| #define PACKAGE_VERSION "1.0"
| #define PACKAGE_STRING "dsmh-npsol 1.0"
| #define PACKAGE_BUGREPORT "hongwei.wu@atl.frb.org"
| #define PACKAGE_URL ""
| #define PACKAGE "dsmh-npsol"
| #define VERSION "1.0"
| /* end confdefs.h.  */
| #include <ac_nonexistent.h>
configure:3999: checking for grep that handles long lines and -e
configure:4057: result: /usr/bin/grep
configure:4062: checking for egrep
configure:4124: result: /usr/bin/grep -E
configure:4129: checking for ANSI C header files
configure:4149: gcc -c -g -O2  conftest.c >&5
configure:4149: $? = 0
configure:4222: gcc -o conftest -g -O2  -L/home/hongweiwu/npsol/Linux-x86_64/optimized/lib -lnpsol_f77 -llssol_f77 conftest.c  >&5
configure:4222: $? = 0
configure:4222: ./conftest
configure:4222: $? = 0
configure:4233: result: yes
configure:4246: checking for sys/types.h
configure:4246: gcc -c -g -O2  conftest.c >&5
configure:4246: $? = 0
configure:4246: result: yes
configure:4246: checking for sys/stat.h
configure:4246: gcc -c -g -O2  conftest.c >&5
configure:4246: $? = 0
configure:4246: result: yes
configure:4246: checking for stdlib.h
configure:4246: gcc -c -g -O2  conftest.c >&5
configure:4246: $? = 0
configure:4246: result: yes
configure:4246: checking for string.h
configure:4246: gcc -c -g -O2  conftest.c >&5
configure:4246: $? = 0
configure:4246: result: yes
configure:4246: checking for memory.h
configure:4246: gcc -c -g -O2  conftest.c >&5
configure:4246: $? = 0
configure:4246: result: yes
configure:4246: checking for strings.h
configure:4246: gcc -c -g -O2  conftest.c >&5
configure:4246: $? = 0
configure:4246: result: yes
configure:4246: checking for inttypes.h
configure:4246: gcc -c -g -O2  conftest.c >&5
configure:4246: $? = 0
configure:4246: result: yes
configure:4246: checking for stdint.h
configure:4246: gcc -c -g -O2  conftest.c >&5
configure:4246: $? = 0
configure:4246: result: yes
configure:4246: checking for unistd.h
configure:4246: gcc -c -g -O2  conftest.c >&5
configure:4246: $? = 0
configure:4246: result: yes
configure:4258: checking for size_t
configure:4258: gcc -c -g -O2  conftest.c >&5
configure:4258: $? = 0
configure:4258: gcc -c -g -O2  conftest.c >&5
conftest.c: In function 'main':
conftest.c:57:21: error: expected expression before ')' token
 if (sizeof ((size_t)))
                     ^
configure:4258: $? = 1
configure: failed program was:
| /* confdefs.h */
| #define PACKAGE_NAME "dsmh-npsol"
| #define PACKAGE_TARNAME "dsmh-npsol"
| #define PACKAGE_VERSION "1.0"
| #define PACKAGE_STRING "dsmh-npsol 1.0"
| #define PACKAGE_BUGREPORT "hongwei.wu@atl.frb.org"
| #define PACKAGE_URL ""
| #define PACKAGE "dsmh-npsol"
| #define VERSION "1.0"
| #define STDC_HEADERS 1
| #define HAVE_SYS_TYPES_H 1
| #define HAVE_SYS_STAT_H 1
| #define HAVE_STDLIB_H 1
| #define HAVE_STRING_H 1
| #define HAVE_MEMORY_H 1
| #define HAVE_STRINGS_H 1
| #define HAVE_INTTYPES_H 1
| #define HAVE_STDINT_H 1
| #define HAVE_UNISTD_H 1
| /* end confdefs.h.  */
| #include <stdio.h>
| #ifdef HAVE_SYS_TYPES_H
| # include <sys/types.h>
| #endif
| #ifdef HAVE_SYS_STAT_H
| # include <sys/stat.h>
| #endif
| #ifdef STDC_HEADERS
| # include <stdlib.h>
| # include <stddef.h>
| #else
| # ifdef HAVE_STDLIB_H
| #  include <stdlib.h>
| # endif
| #endif
| #ifdef HAVE_STRING_H
| # if !defined STDC_HEADERS && defined HAVE_MEMORY_H
| #  include <memory.h>
| # endif
| # include <string.h>
| #endif
| #ifdef HAVE_STRINGS_H
| # include <strings.h>
| #endif
| #ifdef HAVE_INTTYPES_H
| # include <inttypes.h>
| #endif
| #ifdef HAVE_STDINT_H
| # include <stdint.h>
| #endif
| #ifdef HAVE_UNISTD_H
| # include <unistd.h>
| #endif
| int
| main ()
| {
| if (sizeof ((size_t)))
| 	    return 0;
|   ;
|   return 0;
| }
configure:4258: result: yes
configure:4275: checking whether to compile using MPI
configure:4282: result: yes
configure:4338: checking for mpic++
configure:4354: found /usr/local/bin/mpic++
configure:4365: result: mpic++
configure:4503: checking for C++ compiler version
configure:4512: mpic++ --version >&5
g++ (GCC) 4.8.3 20140911 (Red Hat 4.8.3-7)
Copyright (C) 2013 Free Software Foundation, Inc.
This is free software; see the source for copying conditions.  There is NO
warranty; not even for MERCHANTABILITY or FITNESS FOR A PARTICULAR PURPOSE.

configure:4523: $? = 0
configure:4512: mpic++ -v >&5
mpicxx for MPICH version 3.1.1
Using built-in specs.
COLLECT_GCC=g++
COLLECT_LTO_WRAPPER=/usr/libexec/gcc/x86_64-redhat-linux/4.8.3/lto-wrapper
Target: x86_64-redhat-linux
Configured with: ../configure --prefix=/usr --mandir=/usr/share/man --infodir=/usr/share/info --with-bugurl=http://bugzilla.redhat.com/bugzilla --enable-bootstrap --enable-shared --enable-threads=posix --enable-checking=release --with-system-zlib --enable-__cxa_atexit --disable-libunwind-exceptions --enable-gnu-unique-object --enable-linker-build-id --with-linker-hash-style=gnu --enable-languages=c,c++,objc,obj-c++,java,fortran,ada,go,lto --enable-plugin --enable-initfini-array --enable-java-awt=gtk --disable-dssi --with-java-home=/usr/lib/jvm/java-1.5.0-gcj-1.5.0.0/jre --enable-libgcj-multifile --enable-java-maintainer-mode --with-ecj-jar=/usr/share/java/eclipse-ecj.jar --disable-libjava-multilib --with-isl=/builddir/build/BUILD/gcc-4.8.3-20140911/obj-x86_64-redhat-linux/isl-install --with-cloog=/builddir/build/BUILD/gcc-4.8.3-20140911/obj-x86_64-redhat-linux/cloog-install --with-tune=generic --with-arch_32=i686 --build=x86_64-redhat-linux
Thread model: posix
gcc version 4.8.3 20140911 (Red Hat 4.8.3-7) (GCC) 
configure:4523: $? = 0
configure:4512: mpic++ -V >&5
g++: error: unrecognized command line option '-V'
configure:4523: $? = 1
configure:4512: mpic++ -qversion >&5
g++: error: unrecognized command line option '-qversion'
configure:4523: $? = 1
configure:4527: checking whether we are using the GNU C++ compiler
configure:4546: mpic++ -c   conftest.cpp >&5
configure:4546: $? = 0
configure:4555: result: yes
configure:4564: checking whether mpic++ accepts -g
configure:4584: mpic++ -c -g  conftest.cpp >&5
configure:4584: $? = 0
configure:4625: result: yes
configure:4650: checking dependency style of mpic++
configure:4761: result: gcc3
configure:4804: checking for function MPI_Init
configure:4825: mpic++ -o conftest -g -O2  -L/home/hongweiwu/npsol/Linux-x86_64/optimized/lib -lnpsol_f77 -llssol_f77 conftest.cpp  >&5
configure:4825: $? = 0
configure:4832: result: yes
configure:4843: checking for mpi.h
configure:4856: mpic++ -c -g -O2  conftest.cpp >&5
configure:4856: $? = 0
configure:4857: result: yes
configure:4895: checking for cos in -lm
configure:4920: gcc -o conftest -g -O2  -L/home/hongweiwu/npsol/Linux-x86_64/optimized/lib -lnpsol_f77 -llssol_f77 conftest.c -lm   >&5
conftest.c:29:6: warning: conflicting types for built-in function 'cos' [enabled by default]
 char cos ();
      ^
configure:4920: $? = 0
configure:4929: result: yes
configure:4940: checking for cblas_dgemm in -lgslcblas
configure:4965: gcc -o conftest -g -O2  -L/home/hongweiwu/npsol/Linux-x86_64/optimized/lib -lnpsol_f77 -llssol_f77 conftest.c -lgslcblas  -lm  >&5
configure:4965: $? = 0
configure:4974: result: yes
configure:4985: checking for gsl_blas_dgemm in -lgsl
configure:5010: gcc -o conftest -g -O2  -L/home/hongweiwu/npsol/Linux-x86_64/optimized/lib -lnpsol_f77 -llssol_f77 conftest.c -lgsl  -lgslcblas -lm  >&5
configure:5010: $? = 0
configure:5019: result: yes
configure:5086: checking for gfortran
configure:5102: found /usr/bin/gfortran
configure:5113: result: gfortran
configure:5139: checking for Fortran compiler version
configure:5148: gfortran --version >&5
GNU Fortran (GCC) 4.8.3 20140911 (Red Hat 4.8.3-7)
Copyright (C) 2013 Free Software Foundation, Inc.

GNU Fortran comes with NO WARRANTY, to the extent permitted by law.
You may redistribute copies of GNU Fortran
under the terms of the GNU General Public License.
For more information about these matters, see the file named COPYING

configure:5159: $? = 0
configure:5148: gfortran -v >&5
Using built-in specs.
COLLECT_GCC=gfortran
COLLECT_LTO_WRAPPER=/usr/libexec/gcc/x86_64-redhat-linux/4.8.3/lto-wrapper
Target: x86_64-redhat-linux
Configured with: ../configure --prefix=/usr --mandir=/usr/share/man --infodir=/usr/share/info --with-bugurl=http://bugzilla.redhat.com/bugzilla --enable-bootstrap --enable-shared --enable-threads=posix --enable-checking=release --with-system-zlib --enable-__cxa_atexit --disable-libunwind-exceptions --enable-gnu-unique-object --enable-linker-build-id --with-linker-hash-style=gnu --enable-languages=c,c++,objc,obj-c++,java,fortran,ada,go,lto --enable-plugin --enable-initfini-array --enable-java-awt=gtk --disable-dssi --with-java-home=/usr/lib/jvm/java-1.5.0-gcj-1.5.0.0/jre --enable-libgcj-multifile --enable-java-maintainer-mode --with-ecj-jar=/usr/share/java/eclipse-ecj.jar --disable-libjava-multilib --with-isl=/builddir/build/BUILD/gcc-4.8.3-20140911/obj-x86_64-redhat-linux/isl-install --with-cloog=/builddir/build/BUILD/gcc-4.8.3-20140911/obj-x86_64-redhat-linux/cloog-install --with-tune=generic --with-arch_32=i686 --build=x86_64-redhat-linux
Thread model: posix
gcc version 4.8.3 20140911 (Red Hat 4.8.3-7) (GCC) 
configure:5159: $? = 0
configure:5148: gfortran -V >&5
gfortran: error: unrecognized command line option '-V'
gfortran: fatal error: no input files
compilation terminated.
configure:5159: $? = 4
configure:5148: gfortran -qversion >&5
gfortran: error: unrecognized command line option '-qversion'
gfortran: fatal error: no input files
compilation terminated.
configure:5159: $? = 4
configure:5168: checking whether we are using the GNU Fortran compiler
configure:5181: gfortran -c   conftest.F >&5
configure:5181: $? = 0
configure:5190: result: yes
configure:5196: checking whether gfortran accepts -g
configure:5207: gfortran -c -g  conftest.f >&5
configure:5207: $? = 0
configure:5215: result: yes
configure:5248: checking build system type
configure:5262: result: x86_64-unknown-linux-gnu
configure:5282: checking host system type
configure:5295: result: x86_64-unknown-linux-gnu
configure:5320: checking how to get verbose linking output from gfortran
configure:5330: gfortran -c -g -O2  conftest.f >&5
configure:5330: $? = 0
configure:5348: gfortran -o conftest -g -O2 -v -L/home/hongweiwu/npsol/Linux-x86_64/optimized/lib -lnpsol_f77 -llssol_f77 conftest.f -lgsl -lgslcblas -lm
Using built-in specs.
Target: x86_64-redhat-linux
Thread model: posix
gcc version 4.8.3 20140911 (Red Hat 4.8.3-7) (GCC) 
 /usr/libexec/gcc/x86_64-redhat-linux/4.8.3/f951 conftest.f -ffixed-form -quiet -dumpbase conftest.f -mtune=generic -march=x86-64 -auxbase conftest -g -O2 -version -fintrinsic-modules-path /usr/lib/gcc/x86_64-redhat-linux/4.8.3/finclude -o /tmp/ccc0NgSv.s
GNU Fortran (GCC) version 4.8.3 20140911 (Red Hat 4.8.3-7) (x86_64-redhat-linux)
	compiled by GNU C version 4.8.3 20140911 (Red Hat 4.8.3-7), GMP version 5.1.2, MPFR version 3.1.2, MPC version 1.0.1
GGC heuristics: --param ggc-min-expand=100 --param ggc-min-heapsize=131072
GNU Fortran (GCC) version 4.8.3 20140911 (Red Hat 4.8.3-7) (x86_64-redhat-linux)
	compiled by GNU C version 4.8.3 20140911 (Red Hat 4.8.3-7), GMP version 5.1.2, MPFR version 3.1.2, MPC version 1.0.1
GGC heuristics: --param ggc-min-expand=100 --param ggc-min-heapsize=131072
 as -v --64 -o /tmp/cc1KH9Mr.o /tmp/ccc0NgSv.s
GNU assembler version 2.23.2 (x86_64-redhat-linux) using BFD version version 2.23.2
Reading specs from /usr/lib/gcc/x86_64-redhat-linux/4.8.3/libgfortran.spec
rename spec lib to liborig
 /usr/libexec/gcc/x86_64-redhat-linux/4.8.3/collect2 --build-id --no-add-needed --eh-frame-hdr --hash-style=gnu -m elf_x86_64 -dynamic-linker /lib64/ld-linux-x86-64.so.2 -o conftest /usr/lib/gcc/x86_64-redhat-linux/4.8.3/../../../../lib64/crt1.o /usr/lib/gcc/x86_64-redhat-linux/4.8.3/../../../../lib64/crti.o /usr/lib/gcc/x86_64-redhat-linux/4.8.3/crtbegin.o -L/home/hongweiwu/npsol/Linux-x86_64/optimized/lib -L/usr/lib/gcc/x86_64-redhat-linux/4.8.3 -L/usr/lib/gcc/x86_64-redhat-linux/4.8.3/../../../../lib64 -L/lib/../lib64 -L/usr/lib/../lib64 -L/usr/lib/gcc/x86_64-redhat-linux/4.8.3/../../.. -lnpsol_f77 -llssol_f77 /tmp/cc1KH9Mr.o -lgsl -lgslcblas -lgfortran -lm -lgfortran -lm -lgcc_s -lgcc -lquadmath -lm -lgcc_s -lgcc -lc -lgcc_s -lgcc /usr/lib/gcc/x86_64-redhat-linux/4.8.3/crtend.o /usr/lib/gcc/x86_64-redhat-linux/4.8.3/../../../../lib64/crtn.o
configure:5431: result: -v
configure:5433: checking for Fortran libraries of gfortran
configure:5456: gfortran -o conftest -g -O2 -v -L/home/hongweiwu/npsol/Linux-x86_64/optimized/lib -lnpsol_f77 -llssol_f77 conftest.f -lgsl -lgslcblas -lm
Using built-in specs.
Target: x86_64-redhat-linux
Thread model: posix
gcc version 4.8.3 20140911 (Red Hat 4.8.3-7) (GCC) 
 /usr/libexec/gcc/x86_64-redhat-linux/4.8.3/f951 conftest.f -ffixed-form -quiet -dumpbase conftest.f -mtune=generic -march=x86-64 -auxbase conftest -g -O2 -version -fintrinsic-modules-path /usr/lib/gcc/x86_64-redhat-linux/4.8.3/finclude -o /tmp/ccutb61C.s
GNU Fortran (GCC) version 4.8.3 20140911 (Red Hat 4.8.3-7) (x86_64-redhat-linux)
	compiled by GNU C version 4.8.3 20140911 (Red Hat 4.8.3-7), GMP version 5.1.2, MPFR version 3.1.2, MPC version 1.0.1
GGC heuristics: --param ggc-min-expand=100 --param ggc-min-heapsize=131072
GNU Fortran (GCC) version 4.8.3 20140911 (Red Hat 4.8.3-7) (x86_64-redhat-linux)
	compiled by GNU C version 4.8.3 20140911 (Red Hat 4.8.3-7), GMP version 5.1.2, MPFR version 3.1.2, MPC version 1.0.1
GGC heuristics: --param ggc-min-expand=100 --param ggc-min-heapsize=131072
 as -v --64 -o /tmp/ccYAibaz.o /tmp/ccutb61C.s
GNU assembler version 2.23.2 (x86_64-redhat-linux) using BFD version version 2.23.2
Reading specs from /usr/lib/gcc/x86_64-redhat-linux/4.8.3/libgfortran.spec
rename spec lib to liborig
 /usr/libexec/gcc/x86_64-redhat-linux/4.8.3/collect2 --build-id --no-add-needed --eh-frame-hdr --hash-style=gnu -m elf_x86_64 -dynamic-linker /lib64/ld-linux-x86-64.so.2 -o conftest /usr/lib/gcc/x86_64-redhat-linux/4.8.3/../../../../lib64/crt1.o /usr/lib/gcc/x86_64-redhat-linux/4.8.3/../../../../lib64/crti.o /usr/lib/gcc/x86_64-redhat-linux/4.8.3/crtbegin.o -L/home/hongweiwu/npsol/Linux-x86_64/optimized/lib -L/usr/lib/gcc/x86_64-redhat-linux/4.8.3 -L/usr/lib/gcc/x86_64-redhat-linux/4.8.3/../../../../lib64 -L/lib/../lib64 -L/usr/lib/../lib64 -L/usr/lib/gcc/x86_64-redhat-linux/4.8.3/../../.. -lnpsol_f77 -llssol_f77 /tmp/ccYAibaz.o -lgsl -lgslcblas -lgfortran -lm -lgfortran -lm -lgcc_s -lgcc -lquadmath -lm -lgcc_s -lgcc -lc -lgcc_s -lgcc /usr/lib/gcc/x86_64-redhat-linux/4.8.3/crtend.o /usr/lib/gcc/x86_64-redhat-linux/4.8.3/../../../../lib64/crtn.o
configure:5652: result:  -L/home/hongweiwu/npsol/Linux-x86_64/optimized/lib -L/usr/lib/gcc/x86_64-redhat-linux/4.8.3 -L/usr/lib/gcc/x86_64-redhat-linux/4.8.3/../../../../lib64 -L/lib/../lib64 -L/usr/lib/../lib64 -L/usr/lib/gcc/x86_64-redhat-linux/4.8.3/../../.. -lnpsol_f77 -llssol_f77 -lgsl -lgslcblas -lgfortran -lm -lquadmath
configure:5668: checking for dummy main to link with Fortran libraries
configure:5702: gcc -o conftest -g -O2  -L/home/hongweiwu/npsol/Linux-x86_64/optimized/lib -lnpsol_f77 -llssol_f77 conftest.c -lgsl -lgslcblas -lm   -L/home/hongweiwu/npsol/Linux-x86_64/optimized/lib -L/usr/lib/gcc/x86_64-redhat-linux/4.8.3 -L/usr/lib/gcc/x86_64-redhat-linux/4.8.3/../../../../lib64 -L/lib/../lib64 -L/usr/lib/../lib64 -L/usr/lib/gcc/x86_64-redhat-linux/4.8.3/../../.. -lnpsol_f77 -llssol_f77 -lgsl -lgslcblas -lgfortran -lm -lquadmath >&5
configure:5702: $? = 0
configure:5747: result: none
configure:5780: checking for Fortran name-mangling scheme
configure:5793: gfortran -c -g -O2  conftest.f >&5
configure:5793: $? = 0
configure:5834: gcc -o conftest -g -O2  -L/home/hongweiwu/npsol/Linux-x86_64/optimized/lib -lnpsol_f77 -llssol_f77 conftest.c cfortran_test.o -lgsl -lgslcblas -lm   -L/home/hongweiwu/npsol/Linux-x86_64/optimized/lib -L/usr/lib/gcc/x86_64-redhat-linux/4.8.3 -L/usr/lib/gcc/x86_64-redhat-linux/4.8.3/../../../../lib64 -L/lib/../lib64 -L/usr/lib/../lib64 -L/usr/lib/gcc/x86_64-redhat-linux/4.8.3/../../.. -lnpsol_f77 -llssol_f77 -lgsl -lgslcblas -lgfortran -lm -lquadmath >&5
/tmp/ccPfRi6J.o: In function `main':
/home/hongweiwu/dsmh_npsol_package/conftest.c:44: undefined reference to `foobar'
collect2: error: ld returned 1 exit status
configure:5834: $? = 1
configure: failed program was:
| /* confdefs.h */
| #define PACKAGE_NAME "dsmh-npsol"
| #define PACKAGE_TARNAME "dsmh-npsol"
| #define PACKAGE_VERSION "1.0"
| #define PACKAGE_STRING "dsmh-npsol 1.0"
| #define PACKAGE_BUGREPORT "hongwei.wu@atl.frb.org"
| #define PACKAGE_URL ""
| #define PACKAGE "dsmh-npsol"
| #define VERSION "1.0"
| #define STDC_HEADERS 1
| #define HAVE_SYS_TYPES_H 1
| #define HAVE_SYS_STAT_H 1
| #define HAVE_STDLIB_H 1
| #define HAVE_STRING_H 1
| #define HAVE_MEMORY_H 1
| #define HAVE_STRINGS_H 1
| #define HAVE_INTTYPES_H 1
| #define HAVE_STDINT_H 1
| #define HAVE_UNISTD_H 1
| #define HAVE_MPI 1
| #define HAVE_LIBM 1
| #define HAVE_LIBGSLCBLAS 1
| #define HAVE_LIBGSL 1
| /* end confdefs.h.  */
| 
| /* Override any GCC internal prototype to avoid an error.
|    Use char because int might match the return type of a GCC
|    builtin and then its argument prototype would still apply.  */
| #ifdef __cplusplus
| extern "C"
| #endif
| char foobar ();
| #ifdef FC_DUMMY_MAIN
| #ifndef FC_DUMMY_MAIN_EQ_F77
| #  ifdef __cplusplus
|      extern "C"
| #  endif
|    int FC_DUMMY_MAIN() { return 1; }
| #endif
| #endif
| int
| main ()
| {
| return foobar ();
|   ;
|   return 0;
| }
configure:5834: gcc -o conftest -g -O2  -L/home/hongweiwu/npsol/Linux-x86_64/optimized/lib -lnpsol_f77 -llssol_f77 conftest.c cfortran_test.o -lgsl -lgslcblas -lm   -L/home/hongweiwu/npsol/Linux-x86_64/optimized/lib -L/usr/lib/gcc/x86_64-redhat-linux/4.8.3 -L/usr/lib/gcc/x86_64-redhat-linux/4.8.3/../../../../lib64 -L/lib/../lib64 -L/usr/lib/../lib64 -L/usr/lib/gcc/x86_64-redhat-linux/4.8.3/../../.. -lnpsol_f77 -llssol_f77 -lgsl -lgslcblas -lgfortran -lm -lquadmath >&5
configure:5834: $? = 0
configure:5892: gcc -o conftest -g -O2  -L/home/hongweiwu/npsol/Linux-x86_64/optimized/lib -lnpsol_f77 -llssol_f77 conftest.c cfortran_test.o -lgsl -lgslcblas -lm   -L/home/hongweiwu/npsol/Linux-x86_64/optimized/lib -L/usr/lib/gcc/x86_64-redhat-linux/4.8.3 -L/usr/lib/gcc/x86_64-redhat-linux/4.8.3/../../../../lib64 -L/lib/../lib64 -L/usr/lib/../lib64 -L/usr/lib/gcc/x86_64-redhat-linux/4.8.3/../../.. -lnpsol_f77 -llssol_f77 -lgsl -lgslcblas -lgfortran -lm -lquadmath >&5
configure:5892: $? = 0
configure:5934: result: lower case, underscore, no extra underscore
configure:6053: checking if sgemm_ is being linked in already
configure:6081: gcc -o conftest -g -O2  -L/home/hongweiwu/npsol/Linux-x86_64/optimized/lib -lnpsol_f77 -llssol_f77 conftest.c -lgsl -lgslcblas -lm   -L/home/hongweiwu/npsol/Linux-x86_64/optimized/lib -L/usr/lib/gcc/x86_64-redhat-linux/4.8.3 -L/usr/lib/gcc/x86_64-redhat-linux/4.8.3/../../../../lib64 -L/lib/../lib64 -L/usr/lib/../lib64 -L/usr/lib/gcc/x86_64-redhat-linux/4.8.3/../../.. -lnpsol_f77 -llssol_f77 -lgsl -lgslcblas -lgfortran -lm -lquadmath >&5
/tmp/ccAJFPi1.o: In function `main':
/home/hongweiwu/dsmh_npsol_package/conftest.c:44: undefined reference to `sgemm_'
collect2: error: ld returned 1 exit status
configure:6081: $? = 1
configure: failed program was:
| /* confdefs.h */
| #define PACKAGE_NAME "dsmh-npsol"
| #define PACKAGE_TARNAME "dsmh-npsol"
| #define PACKAGE_VERSION "1.0"
| #define PACKAGE_STRING "dsmh-npsol 1.0"
| #define PACKAGE_BUGREPORT "hongwei.wu@atl.frb.org"
| #define PACKAGE_URL ""
| #define PACKAGE "dsmh-npsol"
| #define VERSION "1.0"
| #define STDC_HEADERS 1
| #define HAVE_SYS_TYPES_H 1
| #define HAVE_SYS_STAT_H 1
| #define HAVE_STDLIB_H 1
| #define HAVE_STRING_H 1
| #define HAVE_MEMORY_H 1
| #define HAVE_STRINGS_H 1
| #define HAVE_INTTYPES_H 1
| #define HAVE_STDINT_H 1
| #define HAVE_UNISTD_H 1
| #define HAVE_MPI 1
| #define HAVE_LIBM 1
| #define HAVE_LIBGSLCBLAS 1
| #define HAVE_LIBGSL 1
| /* end confdefs.h.  */
| 
| /* Override any GCC internal prototype to avoid an error.
|    Use char because int might match the return type of a GCC
|    builtin and then its argument prototype would still apply.  */
| #ifdef __cplusplus
| extern "C"
| #endif
| char sgemm_ ();
| #ifdef FC_DUMMY_MAIN
| #ifndef FC_DUMMY_MAIN_EQ_F77
| #  ifdef __cplusplus
|      extern "C"
| #  endif
|    int FC_DUMMY_MAIN() { return 1; }
| #endif
| #endif
| int
| main ()
| {
| return sgemm_ ();
|   ;
|   return 0;
| }
configure:6086: result: no
configure:6094: checking for sgemm_ in -lopenblas
configure:6127: gcc -o conftest -g -O2  -L/home/hongweiwu/npsol/Linux-x86_64/optimized/lib -lnpsol_f77 -llssol_f77 conftest.c -lopenblas  -lgsl -lgslcblas -lm   -L/home/hongweiwu/npsol/Linux-x86_64/optimized/lib -L/usr/lib/gcc/x86_64-redhat-linux/4.8.3 -L/usr/lib/gcc/x86_64-redhat-linux/4.8.3/../../../../lib64 -L/lib/../lib64 -L/usr/lib/../lib64 -L/usr/lib/gcc/x86_64-redhat-linux/4.8.3/../../.. -lnpsol_f77 -llssol_f77 -lgsl -lgslcblas -lgfortran -lm -lquadmath >&5
/usr/bin/ld: cannot find -lopenblas
collect2: error: ld returned 1 exit status
configure:6127: $? = 1
configure: failed program was:
| /* confdefs.h */
| #define PACKAGE_NAME "dsmh-npsol"
| #define PACKAGE_TARNAME "dsmh-npsol"
| #define PACKAGE_VERSION "1.0"
| #define PACKAGE_STRING "dsmh-npsol 1.0"
| #define PACKAGE_BUGREPORT "hongwei.wu@atl.frb.org"
| #define PACKAGE_URL ""
| #define PACKAGE "dsmh-npsol"
| #define VERSION "1.0"
| #define STDC_HEADERS 1
| #define HAVE_SYS_TYPES_H 1
| #define HAVE_SYS_STAT_H 1
| #define HAVE_STDLIB_H 1
| #define HAVE_STRING_H 1
| #define HAVE_MEMORY_H 1
| #define HAVE_STRINGS_H 1
| #define HAVE_INTTYPES_H 1
| #define HAVE_STDINT_H 1
| #define HAVE_UNISTD_H 1
| #define HAVE_MPI 1
| #define HAVE_LIBM 1
| #define HAVE_LIBGSLCBLAS 1
| #define HAVE_LIBGSL 1
| /* end confdefs.h.  */
| 
| /* Override any GCC internal prototype to avoid an error.
|    Use char because int might match the return type of a GCC
|    builtin and then its argument prototype would still apply.  */
| #ifdef __cplusplus
| extern "C"
| #endif
| char sgemm_ ();
| #ifdef FC_DUMMY_MAIN
| #ifndef FC_DUMMY_MAIN_EQ_F77
| #  ifdef __cplusplus
|      extern "C"
| #  endif
|    int FC_DUMMY_MAIN() { return 1; }
| #endif
| #endif
| int
| main ()
| {
| return sgemm_ ();
|   ;
|   return 0;
| }
configure:6137: result: no
configure:6148: checking for ATL_xerbla in -latlas
configure:6181: gcc -o conftest -g -O2  -L/home/hongweiwu/npsol/Linux-x86_64/optimized/lib -lnpsol_f77 -llssol_f77 conftest.c -latlas  -lgsl -lgslcblas -lm   -L/home/hongweiwu/npsol/Linux-x86_64/optimized/lib -L/usr/lib/gcc/x86_64-redhat-linux/4.8.3 -L/usr/lib/gcc/x86_64-redhat-linux/4.8.3/../../../../lib64 -L/lib/../lib64 -L/usr/lib/../lib64 -L/usr/lib/gcc/x86_64-redhat-linux/4.8.3/../../.. -lnpsol_f77 -llssol_f77 -lgsl -lgslcblas -lgfortran -lm -lquadmath >&5
/usr/bin/ld: cannot find -latlas
collect2: error: ld returned 1 exit status
configure:6181: $? = 1
configure: failed program was:
| /* confdefs.h */
| #define PACKAGE_NAME "dsmh-npsol"
| #define PACKAGE_TARNAME "dsmh-npsol"
| #define PACKAGE_VERSION "1.0"
| #define PACKAGE_STRING "dsmh-npsol 1.0"
| #define PACKAGE_BUGREPORT "hongwei.wu@atl.frb.org"
| #define PACKAGE_URL ""
| #define PACKAGE "dsmh-npsol"
| #define VERSION "1.0"
| #define STDC_HEADERS 1
| #define HAVE_SYS_TYPES_H 1
| #define HAVE_SYS_STAT_H 1
| #define HAVE_STDLIB_H 1
| #define HAVE_STRING_H 1
| #define HAVE_MEMORY_H 1
| #define HAVE_STRINGS_H 1
| #define HAVE_INTTYPES_H 1
| #define HAVE_STDINT_H 1
| #define HAVE_UNISTD_H 1
| #define HAVE_MPI 1
| #define HAVE_LIBM 1
| #define HAVE_LIBGSLCBLAS 1
| #define HAVE_LIBGSL 1
| /* end confdefs.h.  */
| 
| /* Override any GCC internal prototype to avoid an error.
|    Use char because int might match the return type of a GCC
|    builtin and then its argument prototype would still apply.  */
| #ifdef __cplusplus
| extern "C"
| #endif
| char ATL_xerbla ();
| #ifdef FC_DUMMY_MAIN
| #ifndef FC_DUMMY_MAIN_EQ_F77
| #  ifdef __cplusplus
|      extern "C"
| #  endif
|    int FC_DUMMY_MAIN() { return 1; }
| #endif
| #endif
| int
| main ()
| {
| return ATL_xerbla ();
|   ;
|   return 0;
| }
configure:6190: result: no
configure:6298: checking for sgemm_ in -lblas
configure:6331: gcc -o conftest -g -O2  -L/home/hongweiwu/npsol/Linux-x86_64/optimized/lib -lnpsol_f77 -llssol_f77 conftest.c -lblas  -lgsl -lgslcblas -lm   -L/home/hongweiwu/npsol/Linux-x86_64/optimized/lib -L/usr/lib/gcc/x86_64-redhat-linux/4.8.3 -L/usr/lib/gcc/x86_64-redhat-linux/4.8.3/../../../../lib64 -L/lib/../lib64 -L/usr/lib/../lib64 -L/usr/lib/gcc/x86_64-redhat-linux/4.8.3/../../.. -lnpsol_f77 -llssol_f77 -lgsl -lgslcblas -lgfortran -lm -lquadmath >&5
configure:6331: $? = 0
configure:6341: result: yes
configure:6345: checking for dgemm_ in -ldgemm
configure:6378: gcc -o conftest -g -O2  -L/home/hongweiwu/npsol/Linux-x86_64/optimized/lib -lnpsol_f77 -llssol_f77 conftest.c -ldgemm -lblas -lgsl -lgslcblas -lm   -L/home/hongweiwu/npsol/Linux-x86_64/optimized/lib -L/usr/lib/gcc/x86_64-redhat-linux/4.8.3 -L/usr/lib/gcc/x86_64-redhat-linux/4.8.3/../../../../lib64 -L/lib/../lib64 -L/usr/lib/../lib64 -L/usr/lib/gcc/x86_64-redhat-linux/4.8.3/../../.. -lnpsol_f77 -llssol_f77 -lgsl -lgslcblas -lgfortran -lm -lquadmath >&5
/usr/bin/ld: cannot find -ldgemm
collect2: error: ld returned 1 exit status
configure:6378: $? = 1
configure: failed program was:
| /* confdefs.h */
| #define PACKAGE_NAME "dsmh-npsol"
| #define PACKAGE_TARNAME "dsmh-npsol"
| #define PACKAGE_VERSION "1.0"
| #define PACKAGE_STRING "dsmh-npsol 1.0"
| #define PACKAGE_BUGREPORT "hongwei.wu@atl.frb.org"
| #define PACKAGE_URL ""
| #define PACKAGE "dsmh-npsol"
| #define VERSION "1.0"
| #define STDC_HEADERS 1
| #define HAVE_SYS_TYPES_H 1
| #define HAVE_SYS_STAT_H 1
| #define HAVE_STDLIB_H 1
| #define HAVE_STRING_H 1
| #define HAVE_MEMORY_H 1
| #define HAVE_STRINGS_H 1
| #define HAVE_INTTYPES_H 1
| #define HAVE_STDINT_H 1
| #define HAVE_UNISTD_H 1
| #define HAVE_MPI 1
| #define HAVE_LIBM 1
| #define HAVE_LIBGSLCBLAS 1
| #define HAVE_LIBGSL 1
| /* end confdefs.h.  */
| 
| /* Override any GCC internal prototype to avoid an error.
|    Use char because int might match the return type of a GCC
|    builtin and then its argument prototype would still apply.  */
| #ifdef __cplusplus
| extern "C"
| #endif
| char dgemm_ ();
| #ifdef FC_DUMMY_MAIN
| #ifndef FC_DUMMY_MAIN_EQ_F77
| #  ifdef __cplusplus
|      extern "C"
| #  endif
|    int FC_DUMMY_MAIN() { return 1; }
| #endif
| #endif
| int
| main ()
| {
| return dgemm_ ();
|   ;
|   return 0;
| }
configure:6388: result: no
configure:6454: checking for sgemm_ in -lmkl_gf_lp64
configure:6487: gcc -o conftest -g -O2  -L/home/hongweiwu/npsol/Linux-x86_64/optimized/lib -lnpsol_f77 -llssol_f77 conftest.c -lmkl_gf_lp64 -lmkl_gf_lp64 -lmkl_sequential -lmkl_core -lm -pthread -lgsl -lgslcblas -lm   -L/home/hongweiwu/npsol/Linux-x86_64/optimized/lib -L/usr/lib/gcc/x86_64-redhat-linux/4.8.3 -L/usr/lib/gcc/x86_64-redhat-linux/4.8.3/../../../../lib64 -L/lib/../lib64 -L/usr/lib/../lib64 -L/usr/lib/gcc/x86_64-redhat-linux/4.8.3/../../.. -lnpsol_f77 -llssol_f77 -lgsl -lgslcblas -lgfortran -lm -lquadmath >&5
/usr/bin/ld: cannot find -lmkl_gf_lp64
/usr/bin/ld: cannot find -lmkl_gf_lp64
/usr/bin/ld: cannot find -lmkl_sequential
/usr/bin/ld: cannot find -lmkl_core
collect2: error: ld returned 1 exit status
configure:6487: $? = 1
configure: failed program was:
| /* confdefs.h */
| #define PACKAGE_NAME "dsmh-npsol"
| #define PACKAGE_TARNAME "dsmh-npsol"
| #define PACKAGE_VERSION "1.0"
| #define PACKAGE_STRING "dsmh-npsol 1.0"
| #define PACKAGE_BUGREPORT "hongwei.wu@atl.frb.org"
| #define PACKAGE_URL ""
| #define PACKAGE "dsmh-npsol"
| #define VERSION "1.0"
| #define STDC_HEADERS 1
| #define HAVE_SYS_TYPES_H 1
| #define HAVE_SYS_STAT_H 1
| #define HAVE_STDLIB_H 1
| #define HAVE_STRING_H 1
| #define HAVE_MEMORY_H 1
| #define HAVE_STRINGS_H 1
| #define HAVE_INTTYPES_H 1
| #define HAVE_STDINT_H 1
| #define HAVE_UNISTD_H 1
| #define HAVE_MPI 1
| #define HAVE_LIBM 1
| #define HAVE_LIBGSLCBLAS 1
| #define HAVE_LIBGSL 1
| /* end confdefs.h.  */
| 
| /* Override any GCC internal prototype to avoid an error.
|    Use char because int might match the return type of a GCC
|    builtin and then its argument prototype would still apply.  */
| #ifdef __cplusplus
| extern "C"
| #endif
| char sgemm_ ();
| #ifdef FC_DUMMY_MAIN
| #ifndef FC_DUMMY_MAIN_EQ_F77
| #  ifdef __cplusplus
|      extern "C"
| #  endif
|    int FC_DUMMY_MAIN() { return 1; }
| #endif
| #endif
| int
| main ()
| {
| return sgemm_ ();
|   ;
|   return 0;
| }
configure:6497: result: no
configure:6668: checking for sgemm_ in -lmkl
configure:6701: gcc -o conftest -g -O2  -L/home/hongweiwu/npsol/Linux-x86_64/optimized/lib -lnpsol_f77 -llssol_f77 conftest.c -lmkl -lmkl -lguide -pthread  -lgsl -lgslcblas -lm   -L/home/hongweiwu/npsol/Linux-x86_64/optimized/lib -L/usr/lib/gcc/x86_64-redhat-linux/4.8.3 -L/usr/lib/gcc/x86_64-redhat-linux/4.8.3/../../../../lib64 -L/lib/../lib64 -L/usr/lib/../lib64 -L/usr/lib/gcc/x86_64-redhat-linux/4.8.3/../../.. -lnpsol_f77 -llssol_f77 -lgsl -lgslcblas -lgfortran -lm -lquadmath >&5
/usr/bin/ld: cannot find -lmkl
/usr/bin/ld: cannot find -lmkl
/usr/bin/ld: cannot find -lguide
collect2: error: ld returned 1 exit status
configure:6701: $? = 1
configure: failed program was:
| /* confdefs.h */
| #define PACKAGE_NAME "dsmh-npsol"
| #define PACKAGE_TARNAME "dsmh-npsol"
| #define PACKAGE_VERSION "1.0"
| #define PACKAGE_STRING "dsmh-npsol 1.0"
| #define PACKAGE_BUGREPORT "hongwei.wu@atl.frb.org"
| #define PACKAGE_URL ""
| #define PACKAGE "dsmh-npsol"
| #define VERSION "1.0"
| #define STDC_HEADERS 1
| #define HAVE_SYS_TYPES_H 1
| #define HAVE_SYS_STAT_H 1
| #define HAVE_STDLIB_H 1
| #define HAVE_STRING_H 1
| #define HAVE_MEMORY_H 1
| #define HAVE_STRINGS_H 1
| #define HAVE_INTTYPES_H 1
| #define HAVE_STDINT_H 1
| #define HAVE_UNISTD_H 1
| #define HAVE_MPI 1
| #define HAVE_LIBM 1
| #define HAVE_LIBGSLCBLAS 1
| #define HAVE_LIBGSL 1
| /* end confdefs.h.  */
| 
| /* Override any GCC internal prototype to avoid an error.
|    Use char because int might match the return type of a GCC
|    builtin and then its argument prototype would still apply.  */
| #ifdef __cplusplus
| extern "C"
| #endif
| char sgemm_ ();
| #ifdef FC_DUMMY_MAIN
| #ifndef FC_DUMMY_MAIN_EQ_F77
| #  ifdef __cplusplus
|      extern "C"
| #  endif
|    int FC_DUMMY_MAIN() { return 1; }
| #endif
| #endif
| int
| main ()
| {
| return sgemm_ ();
|   ;
|   return 0;
| }
configure:6711: result: no
configure:6722: checking for sgemm_ in -framework vecLib
configure:6750: gcc -o conftest -g -O2  -L/home/hongweiwu/npsol/Linux-x86_64/optimized/lib -lnpsol_f77 -llssol_f77 conftest.c -framework vecLib -lgsl -lgslcblas -lm   -L/home/hongweiwu/npsol/Linux-x86_64/optimized/lib -L/usr/lib/gcc/x86_64-redhat-linux/4.8.3 -L/usr/lib/gcc/x86_64-redhat-linux/4.8.3/../../../../lib64 -L/lib/../lib64 -L/usr/lib/../lib64 -L/usr/lib/gcc/x86_64-redhat-linux/4.8.3/../../.. -lnpsol_f77 -llssol_f77 -lgsl -lgslcblas -lgfortran -lm -lquadmath >&5
gcc: error: vecLib: No such file or directory
gcc: error: unrecognized command line option '-framework'
configure:6750: $? = 1
configure: failed program was:
| /* confdefs.h */
| #define PACKAGE_NAME "dsmh-npsol"
| #define PACKAGE_TARNAME "dsmh-npsol"
| #define PACKAGE_VERSION "1.0"
| #define PACKAGE_STRING "dsmh-npsol 1.0"
| #define PACKAGE_BUGREPORT "hongwei.wu@atl.frb.org"
| #define PACKAGE_URL ""
| #define PACKAGE "dsmh-npsol"
| #define VERSION "1.0"
| #define STDC_HEADERS 1
| #define HAVE_SYS_TYPES_H 1
| #define HAVE_SYS_STAT_H 1
| #define HAVE_STDLIB_H 1
| #define HAVE_STRING_H 1
| #define HAVE_MEMORY_H 1
| #define HAVE_STRINGS_H 1
| #define HAVE_INTTYPES_H 1
| #define HAVE_STDINT_H 1
| #define HAVE_UNISTD_H 1
| #define HAVE_MPI 1
| #define HAVE_LIBM 1
| #define HAVE_LIBGSLCBLAS 1
| #define HAVE_LIBGSL 1
| /* end confdefs.h.  */
| 
| /* Override any GCC internal prototype to avoid an error.
|    Use char because int might match the return type of a GCC
|    builtin and then its argument prototype would still apply.  */
| #ifdef __cplusplus
| extern "C"
| #endif
| char sgemm_ ();
| #ifdef FC_DUMMY_MAIN
| #ifndef FC_DUMMY_MAIN_EQ_F77
| #  ifdef __cplusplus
|      extern "C"
| #  endif
|    int FC_DUMMY_MAIN() { return 1; }
| #endif
| #endif
| int
| main ()
| {
| return sgemm_ ();
|   ;
|   return 0;
| }
configure:6755: result: no
configure:6763: checking for sgemm_ in -lcxml
configure:6796: gcc -o conftest -g -O2  -L/home/hongweiwu/npsol/Linux-x86_64/optimized/lib -lnpsol_f77 -llssol_f77 conftest.c -lcxml  -lgsl -lgslcblas -lm   -L/home/hongweiwu/npsol/Linux-x86_64/optimized/lib -L/usr/lib/gcc/x86_64-redhat-linux/4.8.3 -L/usr/lib/gcc/x86_64-redhat-linux/4.8.3/../../../../lib64 -L/lib/../lib64 -L/usr/lib/../lib64 -L/usr/lib/gcc/x86_64-redhat-linux/4.8.3/../../.. -lnpsol_f77 -llssol_f77 -lgsl -lgslcblas -lgfortran -lm -lquadmath >&5
/usr/bin/ld: cannot find -lcxml
collect2: error: ld returned 1 exit status
configure:6796: $? = 1
configure: failed program was:
| /* confdefs.h */
| #define PACKAGE_NAME "dsmh-npsol"
| #define PACKAGE_TARNAME "dsmh-npsol"
| #define PACKAGE_VERSION "1.0"
| #define PACKAGE_STRING "dsmh-npsol 1.0"
| #define PACKAGE_BUGREPORT "hongwei.wu@atl.frb.org"
| #define PACKAGE_URL ""
| #define PACKAGE "dsmh-npsol"
| #define VERSION "1.0"
| #define STDC_HEADERS 1
| #define HAVE_SYS_TYPES_H 1
| #define HAVE_SYS_STAT_H 1
| #define HAVE_STDLIB_H 1
| #define HAVE_STRING_H 1
| #define HAVE_MEMORY_H 1
| #define HAVE_STRINGS_H 1
| #define HAVE_INTTYPES_H 1
| #define HAVE_STDINT_H 1
| #define HAVE_UNISTD_H 1
| #define HAVE_MPI 1
| #define HAVE_LIBM 1
| #define HAVE_LIBGSLCBLAS 1
| #define HAVE_LIBGSL 1
| /* end confdefs.h.  */
| 
| /* Override any GCC internal prototype to avoid an error.
|    Use char because int might match the return type of a GCC
|    builtin and then its argument prototype would still apply.  */
| #ifdef __cplusplus
| extern "C"
| #endif
| char sgemm_ ();
| #ifdef FC_DUMMY_MAIN
| #ifndef FC_DUMMY_MAIN_EQ_F77
| #  ifdef __cplusplus
|      extern "C"
| #  endif
|    int FC_DUMMY_MAIN() { return 1; }
| #endif
| #endif
| int
| main ()
| {
| return sgemm_ ();
|   ;
|   return 0;
| }
configure:6806: result: no
configure:6817: checking for sgemm_ in -ldxml
configure:6850: gcc -o conftest -g -O2  -L/home/hongweiwu/npsol/Linux-x86_64/optimized/lib -lnpsol_f77 -llssol_f77 conftest.c -ldxml  -lgsl -lgslcblas -lm   -L/home/hongweiwu/npsol/Linux-x86_64/optimized/lib -L/usr/lib/gcc/x86_64-redhat-linux/4.8.3 -L/usr/lib/gcc/x86_64-redhat-linux/4.8.3/../../../../lib64 -L/lib/../lib64 -L/usr/lib/../lib64 -L/usr/lib/gcc/x86_64-redhat-linux/4.8.3/../../.. -lnpsol_f77 -llssol_f77 -lgsl -lgslcblas -lgfortran -lm -lquadmath >&5
/usr/bin/ld: cannot find -ldxml
collect2: error: ld returned 1 exit status
configure:6850: $? = 1
configure: failed program was:
| /* confdefs.h */
| #define PACKAGE_NAME "dsmh-npsol"
| #define PACKAGE_TARNAME "dsmh-npsol"
| #define PACKAGE_VERSION "1.0"
| #define PACKAGE_STRING "dsmh-npsol 1.0"
| #define PACKAGE_BUGREPORT "hongwei.wu@atl.frb.org"
| #define PACKAGE_URL ""
| #define PACKAGE "dsmh-npsol"
| #define VERSION "1.0"
| #define STDC_HEADERS 1
| #define HAVE_SYS_TYPES_H 1
| #define HAVE_SYS_STAT_H 1
| #define HAVE_STDLIB_H 1
| #define HAVE_STRING_H 1
| #define HAVE_MEMORY_H 1
| #define HAVE_STRINGS_H 1
| #define HAVE_INTTYPES_H 1
| #define HAVE_STDINT_H 1
| #define HAVE_UNISTD_H 1
| #define HAVE_MPI 1
| #define HAVE_LIBM 1
| #define HAVE_LIBGSLCBLAS 1
| #define HAVE_LIBGSL 1
| /* end confdefs.h.  */
| 
| /* Override any GCC internal prototype to avoid an error.
|    Use char because int might match the return type of a GCC
|    builtin and then its argument prototype would still apply.  */
| #ifdef __cplusplus
| extern "C"
| #endif
| char sgemm_ ();
| #ifdef FC_DUMMY_MAIN
| #ifndef FC_DUMMY_MAIN_EQ_F77
| #  ifdef __cplusplus
|      extern "C"
| #  endif
|    int FC_DUMMY_MAIN() { return 1; }
| #endif
| #endif
| int
| main ()
| {
| return sgemm_ ();
|   ;
|   return 0;
| }
configure:6860: result: no
configure:6975: checking for sgemm_ in -lscs
configure:7008: gcc -o conftest -g -O2  -L/home/hongweiwu/npsol/Linux-x86_64/optimized/lib -lnpsol_f77 -llssol_f77 conftest.c -lscs  -lgsl -lgslcblas -lm   -L/home/hongweiwu/npsol/Linux-x86_64/optimized/lib -L/usr/lib/gcc/x86_64-redhat-linux/4.8.3 -L/usr/lib/gcc/x86_64-redhat-linux/4.8.3/../../../../lib64 -L/lib/../lib64 -L/usr/lib/../lib64 -L/usr/lib/gcc/x86_64-redhat-linux/4.8.3/../../.. -lnpsol_f77 -llssol_f77 -lgsl -lgslcblas -lgfortran -lm -lquadmath >&5
/usr/bin/ld: cannot find -lscs
collect2: error: ld returned 1 exit status
configure:7008: $? = 1
configure: failed program was:
| /* confdefs.h */
| #define PACKAGE_NAME "dsmh-npsol"
| #define PACKAGE_TARNAME "dsmh-npsol"
| #define PACKAGE_VERSION "1.0"
| #define PACKAGE_STRING "dsmh-npsol 1.0"
| #define PACKAGE_BUGREPORT "hongwei.wu@atl.frb.org"
| #define PACKAGE_URL ""
| #define PACKAGE "dsmh-npsol"
| #define VERSION "1.0"
| #define STDC_HEADERS 1
| #define HAVE_SYS_TYPES_H 1
| #define HAVE_SYS_STAT_H 1
| #define HAVE_STDLIB_H 1
| #define HAVE_STRING_H 1
| #define HAVE_MEMORY_H 1
| #define HAVE_STRINGS_H 1
| #define HAVE_INTTYPES_H 1
| #define HAVE_STDINT_H 1
| #define HAVE_UNISTD_H 1
| #define HAVE_MPI 1
| #define HAVE_LIBM 1
| #define HAVE_LIBGSLCBLAS 1
| #define HAVE_LIBGSL 1
| /* end confdefs.h.  */
| 
| /* Override any GCC internal prototype to avoid an error.
|    Use char because int might match the return type of a GCC
|    builtin and then its argument prototype would still apply.  */
| #ifdef __cplusplus
| extern "C"
| #endif
| char sgemm_ ();
| #ifdef FC_DUMMY_MAIN
| #ifndef FC_DUMMY_MAIN_EQ_F77
| #  ifdef __cplusplus
|      extern "C"
| #  endif
|    int FC_DUMMY_MAIN() { return 1; }
| #endif
| #endif
| int
| main ()
| {
| return sgemm_ ();
|   ;
|   return 0;
| }
configure:7018: result: no
configure:7029: checking for sgemm_ in -lcomplib.sgimath
configure:7062: gcc -o conftest -g -O2  -L/home/hongweiwu/npsol/Linux-x86_64/optimized/lib -lnpsol_f77 -llssol_f77 conftest.c -lcomplib.sgimath  -lgsl -lgslcblas -lm   -L/home/hongweiwu/npsol/Linux-x86_64/optimized/lib -L/usr/lib/gcc/x86_64-redhat-linux/4.8.3 -L/usr/lib/gcc/x86_64-redhat-linux/4.8.3/../../../../lib64 -L/lib/../lib64 -L/usr/lib/../lib64 -L/usr/lib/gcc/x86_64-redhat-linux/4.8.3/../../.. -lnpsol_f77 -llssol_f77 -lgsl -lgslcblas -lgfortran -lm -lquadmath >&5
/usr/bin/ld: cannot find -lcomplib.sgimath
collect2: error: ld returned 1 exit status
configure:7062: $? = 1
configure: failed program was:
| /* confdefs.h */
| #define PACKAGE_NAME "dsmh-npsol"
| #define PACKAGE_TARNAME "dsmh-npsol"
| #define PACKAGE_VERSION "1.0"
| #define PACKAGE_STRING "dsmh-npsol 1.0"
| #define PACKAGE_BUGREPORT "hongwei.wu@atl.frb.org"
| #define PACKAGE_URL ""
| #define PACKAGE "dsmh-npsol"
| #define VERSION "1.0"
| #define STDC_HEADERS 1
| #define HAVE_SYS_TYPES_H 1
| #define HAVE_SYS_STAT_H 1
| #define HAVE_STDLIB_H 1
| #define HAVE_STRING_H 1
| #define HAVE_MEMORY_H 1
| #define HAVE_STRINGS_H 1
| #define HAVE_INTTYPES_H 1
| #define HAVE_STDINT_H 1
| #define HAVE_UNISTD_H 1
| #define HAVE_MPI 1
| #define HAVE_LIBM 1
| #define HAVE_LIBGSLCBLAS 1
| #define HAVE_LIBGSL 1
| /* end confdefs.h.  */
| 
| /* Override any GCC internal prototype to avoid an error.
|    Use char because int might match the return type of a GCC
|    builtin and then its argument prototype would still apply.  */
| #ifdef __cplusplus
| extern "C"
| #endif
| char sgemm_ ();
| #ifdef FC_DUMMY_MAIN
| #ifndef FC_DUMMY_MAIN_EQ_F77
| #  ifdef __cplusplus
|      extern "C"
| #  endif
|    int FC_DUMMY_MAIN() { return 1; }
| #endif
| #endif
| int
| main ()
| {
| return sgemm_ ();
|   ;
|   return 0;
| }
configure:7072: result: no
configure:7083: checking for sgemm_ in -lblas
configure:7126: result: yes
configure:7130: checking for sgemm_ in -lessl
configure:7163: gcc -o conftest -g -O2  -L/home/hongweiwu/npsol/Linux-x86_64/optimized/lib -lnpsol_f77 -llssol_f77 conftest.c -lessl -lblas  -L/home/hongweiwu/npsol/Linux-x86_64/optimized/lib -L/usr/lib/gcc/x86_64-redhat-linux/4.8.3 -L/usr/lib/gcc/x86_64-redhat-linux/4.8.3/../../../../lib64 -L/lib/../lib64 -L/usr/lib/../lib64 -L/usr/lib/gcc/x86_64-redhat-linux/4.8.3/../../.. -lnpsol_f77 -llssol_f77 -lgsl -lgslcblas -lgfortran -lm -lquadmath -lgsl -lgslcblas -lm   -L/home/hongweiwu/npsol/Linux-x86_64/optimized/lib -L/usr/lib/gcc/x86_64-redhat-linux/4.8.3 -L/usr/lib/gcc/x86_64-redhat-linux/4.8.3/../../../../lib64 -L/lib/../lib64 -L/usr/lib/../lib64 -L/usr/lib/gcc/x86_64-redhat-linux/4.8.3/../../.. -lnpsol_f77 -llssol_f77 -lgsl -lgslcblas -lgfortran -lm -lquadmath >&5
/usr/bin/ld: cannot find -lessl
collect2: error: ld returned 1 exit status
configure:7163: $? = 1
configure: failed program was:
| /* confdefs.h */
| #define PACKAGE_NAME "dsmh-npsol"
| #define PACKAGE_TARNAME "dsmh-npsol"
| #define PACKAGE_VERSION "1.0"
| #define PACKAGE_STRING "dsmh-npsol 1.0"
| #define PACKAGE_BUGREPORT "hongwei.wu@atl.frb.org"
| #define PACKAGE_URL ""
| #define PACKAGE "dsmh-npsol"
| #define VERSION "1.0"
| #define STDC_HEADERS 1
| #define HAVE_SYS_TYPES_H 1
| #define HAVE_SYS_STAT_H 1
| #define HAVE_STDLIB_H 1
| #define HAVE_STRING_H 1
| #define HAVE_MEMORY_H 1
| #define HAVE_STRINGS_H 1
| #define HAVE_INTTYPES_H 1
| #define HAVE_STDINT_H 1
| #define HAVE_UNISTD_H 1
| #define HAVE_MPI 1
| #define HAVE_LIBM 1
| #define HAVE_LIBGSLCBLAS 1
| #define HAVE_LIBGSL 1
| /* end confdefs.h.  */
| 
| /* Override any GCC internal prototype to avoid an error.
|    Use char because int might match the return type of a GCC
|    builtin and then its argument prototype would still apply.  */
| #ifdef __cplusplus
| extern "C"
| #endif
| char sgemm_ ();
| #ifdef FC_DUMMY_MAIN
| #ifndef FC_DUMMY_MAIN_EQ_F77
| #  ifdef __cplusplus
|      extern "C"
| #  endif
|    int FC_DUMMY_MAIN() { return 1; }
| #endif
| #endif
| int
| main ()
| {
| return sgemm_ ();
|   ;
|   return 0;
| }
configure:7173: result: no
configure:7186: checking for sgemm_ in -lblas
configure:7229: result: yes
configure:7346: checking for cheev_
configure:7346: gcc -o conftest -g -O2  -L/home/hongweiwu/npsol/Linux-x86_64/optimized/lib -lnpsol_f77 -llssol_f77 conftest.c -lgsl -lgslcblas -lm  -lblas  -L/home/hongweiwu/npsol/Linux-x86_64/optimized/lib -L/usr/lib/gcc/x86_64-redhat-linux/4.8.3 -L/usr/lib/gcc/x86_64-redhat-linux/4.8.3/../../../../lib64 -L/lib/../lib64 -L/usr/lib/../lib64 -L/usr/lib/gcc/x86_64-redhat-linux/4.8.3/../../.. -lnpsol_f77 -llssol_f77 -lgsl -lgslcblas -lgfortran -lm -lquadmath >&5
/tmp/ccDbp12E.o: In function `main':
/home/hongweiwu/dsmh_npsol_package/conftest.c:68: undefined reference to `cheev_'
collect2: error: ld returned 1 exit status
configure:7346: $? = 1
configure: failed program was:
| /* confdefs.h */
| #define PACKAGE_NAME "dsmh-npsol"
| #define PACKAGE_TARNAME "dsmh-npsol"
| #define PACKAGE_VERSION "1.0"
| #define PACKAGE_STRING "dsmh-npsol 1.0"
| #define PACKAGE_BUGREPORT "hongwei.wu@atl.frb.org"
| #define PACKAGE_URL ""
| #define PACKAGE "dsmh-npsol"
| #define VERSION "1.0"
| #define STDC_HEADERS 1
| #define HAVE_SYS_TYPES_H 1
| #define HAVE_SYS_STAT_H 1
| #define HAVE_STDLIB_H 1
| #define HAVE_STRING_H 1
| #define HAVE_MEMORY_H 1
| #define HAVE_STRINGS_H 1
| #define HAVE_INTTYPES_H 1
| #define HAVE_STDINT_H 1
| #define HAVE_UNISTD_H 1
| #define HAVE_MPI 1
| #define HAVE_LIBM 1
| #define HAVE_LIBGSLCBLAS 1
| #define HAVE_LIBGSL 1
| #define HAVE_BLAS 1
| /* end confdefs.h.  */
| /* Define cheev_ to an innocuous variant, in case <limits.h> declares cheev_.
|    For example, HP-UX 11i <limits.h> declares gettimeofday.  */
| #define cheev_ innocuous_cheev_
| 
| /* System header to define __stub macros and hopefully few prototypes,
|     which can conflict with char cheev_ (); below.
|     Prefer <limits.h> to <assert.h> if __STDC__ is defined, since
|     <limits.h> exists even on freestanding compilers.  */
| 
| #ifdef __STDC__
| # include <limits.h>
| #else
| # include <assert.h>
| #endif
| 
| #undef cheev_
| 
| /* Override any GCC internal prototype to avoid an error.
|    Use char because int might match the return type of a GCC
|    builtin and then its argument prototype would still apply.  */
| #ifdef __cplusplus
| extern "C"
| #endif
| char cheev_ ();
| /* The GNU C library defines this for functions which it implements
|     to always fail with ENOSYS.  Some functions are actually named
|     something starting with __ and the normal name is an alias.  */
| #if defined __stub_cheev_ || defined __stub___cheev_
| choke me
| #endif
| 
| #ifdef FC_DUMMY_MAIN
| #ifndef FC_DUMMY_MAIN_EQ_F77
| #  ifdef __cplusplus
|      extern "C"
| #  endif
|    int FC_DUMMY_MAIN() { return 1; }
| #endif
| #endif
| int
| main ()
| {
| return cheev_ ();
|   ;
|   return 0;
| }
configure:7346: result: no
configure:7359: checking for cheev_ in -llapack
configure:7392: gcc -o conftest -g -O2  -L/home/hongweiwu/npsol/Linux-x86_64/optimized/lib -lnpsol_f77 -llssol_f77 conftest.c -llapack  -L/home/hongweiwu/npsol/Linux-x86_64/optimized/lib -L/usr/lib/gcc/x86_64-redhat-linux/4.8.3 -L/usr/lib/gcc/x86_64-redhat-linux/4.8.3/../../../../lib64 -L/lib/../lib64 -L/usr/lib/../lib64 -L/usr/lib/gcc/x86_64-redhat-linux/4.8.3/../../.. -lnpsol_f77 -llssol_f77 -lgsl -lgslcblas -lgfortran -lm -lquadmath -lblas -lgsl -lgslcblas -lm  >&5
configure:7392: $? = 0
configure:7402: result: yes
configure:7588: checking that generated files are newer than configure
configure:7594: result: done
configure:7621: creating ./config.status

## ---------------------- ##
## Running config.status. ##
## ---------------------- ##

This file was extended by dsmh-npsol config.status 1.0, which was
generated by GNU Autoconf 2.69.  Invocation command line was

  CONFIG_FILES    = 
  CONFIG_HEADERS  = 
  CONFIG_LINKS    = 
  CONFIG_COMMANDS = 
  $ ./config.status 

on localhost.localdomain

config.status:806: creating data/Makefile
config.status:806: creating Makefile
config.status:806: creating src/Makefile
config.status:978: executing depfiles commands

## ---------------- ##
## Cache variables. ##
## ---------------- ##

ac_cv_build=x86_64-unknown-linux-gnu
ac_cv_c_compiler_gnu=yes
ac_cv_cxx_compiler_gnu=yes
ac_cv_env_CCC_set=
ac_cv_env_CCC_value=
ac_cv_env_CC_set=
ac_cv_env_CC_value=
ac_cv_env_CFLAGS_set=
ac_cv_env_CFLAGS_value=
ac_cv_env_CPPFLAGS_set=
ac_cv_env_CPPFLAGS_value=
ac_cv_env_CPP_set=
ac_cv_env_CPP_value=
ac_cv_env_CXXFLAGS_set=
ac_cv_env_CXXFLAGS_value=
ac_cv_env_CXX_set=
ac_cv_env_CXX_value=
ac_cv_env_FCFLAGS_set=
ac_cv_env_FCFLAGS_value=
ac_cv_env_FC_set=
ac_cv_env_FC_value=
ac_cv_env_LDFLAGS_set=set
ac_cv_env_LDFLAGS_value='-L/home/hongweiwu/npsol/Linux-x86_64/optimized/lib -lnpsol_f77 -llssol_f77'
ac_cv_env_LIBS_set=
ac_cv_env_LIBS_value=
ac_cv_env_MPICXX_set=
ac_cv_env_MPICXX_value=
ac_cv_env_build_alias_set=
ac_cv_env_build_alias_value=
ac_cv_env_host_alias_set=
ac_cv_env_host_alias_value=
ac_cv_env_target_alias_set=
ac_cv_env_target_alias_value=
ac_cv_fc_compiler_gnu=yes
ac_cv_fc_dummy_main=none
ac_cv_fc_libs=' -L/home/hongweiwu/npsol/Linux-x86_64/optimized/lib -L/usr/lib/gcc/x86_64-redhat-linux/4.8.3 -L/usr/lib/gcc/x86_64-redhat-linux/4.8.3/../../../../lib64 -L/lib/../lib64 -L/usr/lib/../lib64 -L/usr/lib/gcc/x86_64-redhat-linux/4.8.3/../../.. -lnpsol_f77 -llssol_f77 -lgsl -lgslcblas -lgfortran -lm -lquadmath'
ac_cv_fc_mangling='lower case, underscore, no extra underscore'
ac_cv_fortran_dummy_main=none
ac_cv_func_cheev_=no
ac_cv_header_inttypes_h=yes
ac_cv_header_memory_h=yes
ac_cv_header_stdc=yes
ac_cv_header_stdint_h=yes
ac_cv_header_stdlib_h=yes
ac_cv_header_string_h=yes
ac_cv_header_strings_h=yes
ac_cv_header_sys_stat_h=yes
ac_cv_header_sys_types_h=yes
ac_cv_header_unistd_h=yes
ac_cv_host=x86_64-unknown-linux-gnu
ac_cv_lib_atlas_ATL_xerbla=no
ac_cv_lib_blas_sgemm_=yes
ac_cv_lib_complib_sgimath_sgemm_=no
ac_cv_lib_cxml_sgemm_=no
ac_cv_lib_dgemm_dgemm_=no
ac_cv_lib_dxml_sgemm_=no
ac_cv_lib_essl_sgemm_=no
ac_cv_lib_gsl_gsl_blas_dgemm=yes
ac_cv_lib_gslcblas_cblas_dgemm=yes
ac_cv_lib_lapack___cheev_=yes
ac_cv_lib_m_cos=yes
ac_cv_lib_mkl_gf_lp64_sgemm_=no
ac_cv_lib_mkl_sgemm_=no
ac_cv_lib_openblas_sgemm_=no
ac_cv_lib_scs_sgemm_=no
ac_cv_objext=o
ac_cv_path_EGREP='/usr/bin/grep -E'
ac_cv_path_GREP=/usr/bin/grep
ac_cv_path_install='/usr/bin/install -c'
ac_cv_path_mkdir=/usr/bin/mkdir
ac_cv_prog_AWK=gawk
ac_cv_prog_CPP='gcc -E'
ac_cv_prog_ac_ct_CC=gcc
ac_cv_prog_ac_ct_CXX=mpic++
ac_cv_prog_ac_ct_FC=gfortran
ac_cv_prog_cc_c89=
ac_cv_prog_cc_g=yes
ac_cv_prog_cxx_g=yes
ac_cv_prog_fc_g=yes
ac_cv_prog_fc_v=-v
ac_cv_prog_make_make_set=yes
ac_cv_type_size_t=yes
am_cv_CC_dependencies_compiler_type=gcc3
am_cv_CXX_dependencies_compiler_type=gcc3
am_cv_make_support_nested_variables=yes

## ----------------- ##
## Output variables. ##
## ----------------- ##

ACLOCAL='${SHELL} /home/hongweiwu/dsmh_npsol_package/missing aclocal-1.13'
AMDEPBACKSLASH='\'
AMDEP_FALSE='#'
AMDEP_TRUE=''
AMTAR='$${TAR-tar}'
AM_BACKSLASH='\'
AM_CXXFLAGS=''
AM_DEFAULT_V='$(AM_DEFAULT_VERBOSITY)'
AM_DEFAULT_VERBOSITY='1'
AM_LDFLAGS=''
AM_V='$(V)'
AUTOCONF='${SHELL} /home/hongweiwu/dsmh_npsol_package/missing autoconf'
AUTOHEADER='${SHELL} /home/hongweiwu/dsmh_npsol_package/missing autoheader'
AUTOMAKE='${SHELL} /home/hongweiwu/dsmh_npsol_package/missing automake-1.13'
AWK='gawk'
BLAS_LIBS='-lblas'
CC='gcc'
CCDEPMODE='depmode=gcc3'
CFLAGS='-g -O2'
CPP='gcc -E'
CPPFLAGS=''
CXX='mpic++'
CXXDEPMODE='depmode=gcc3'
CXXFLAGS='-g -O2'
CYGPATH_W='echo'
DEFS='-DPACKAGE_NAME=\"dsmh-npsol\" -DPACKAGE_TARNAME=\"dsmh-npsol\" -DPACKAGE_VERSION=\"1.0\" -DPACKAGE_STRING=\"dsmh-npsol\ 1.0\" -DPACKAGE_BUGREPORT=\"hongwei.wu@atl.frb.org\" -DPACKAGE_URL=\"\" -DPACKAGE=\"dsmh-npsol\" -DVERSION=\"1.0\" -DSTDC_HEADERS=1 -DHAVE_SYS_TYPES_H=1 -DHAVE_SYS_STAT_H=1 -DHAVE_STDLIB_H=1 -DHAVE_STRING_H=1 -DHAVE_MEMORY_H=1 -DHAVE_STRINGS_H=1 -DHAVE_INTTYPES_H=1 -DHAVE_STDINT_H=1 -DHAVE_UNISTD_H=1 -DHAVE_MPI=1 -DHAVE_LIBM=1 -DHAVE_LIBGSLCBLAS=1 -DHAVE_LIBGSL=1 -DHAVE_BLAS=1'
DEPDIR='.deps'
ECHO_C=''
ECHO_N='-n'
ECHO_T=''
EGREP='/usr/bin/grep -E'
EXEEXT=''
FC='gfortran'
FCFLAGS='-g -O2'
FCLIBS=' -L/home/hongweiwu/npsol/Linux-x86_64/optimized/lib -L/usr/lib/gcc/x86_64-redhat-linux/4.8.3 -L/usr/lib/gcc/x86_64-redhat-linux/4.8.3/../../../../lib64 -L/lib/../lib64 -L/usr/lib/../lib64 -L/usr/lib/gcc/x86_64-redhat-linux/4.8.3/../../.. -lnpsol_f77 -llssol_f77 -lgsl -lgslcblas -lgfortran -lm -lquadmath'
GREP='/usr/bin/grep'
INSTALL_DATA='${INSTALL} -m 644'
INSTALL_PROGRAM='${INSTALL}'
INSTALL_SCRIPT='${INSTALL}'
INSTALL_STRIP_PROGRAM='$(install_sh) -c -s'
LAPACK_LIBS='-llapack'
LDFLAGS='-L/home/hongweiwu/npsol/Linux-x86_64/optimized/lib -lnpsol_f77 -llssol_f77'
LIBOBJS=''
LIBS='-llapack -lblas  -L/home/hongweiwu/npsol/Linux-x86_64/optimized/lib -L/usr/lib/gcc/x86_64-redhat-linux/4.8.3 -L/usr/lib/gcc/x86_64-redhat-linux/4.8.3/../../../../lib64 -L/lib/../lib64 -L/usr/lib/../lib64 -L/usr/lib/gcc/x86_64-redhat-linux/4.8.3/../../.. -lnpsol_f77 -llssol_f77 -lgsl -lgslcblas -lgfortran -lm -lquadmath'
LTLIBOBJS=''
MAKEINFO='${SHELL} /home/hongweiwu/dsmh_npsol_package/missing makeinfo'
MKDIR_P='/usr/bin/mkdir -p'
MPICXX=''
OBJEXT='o'
PACKAGE='dsmh-npsol'
PACKAGE_BUGREPORT='hongwei.wu@atl.frb.org'
PACKAGE_NAME='dsmh-npsol'
PACKAGE_STRING='dsmh-npsol 1.0'
PACKAGE_TARNAME='dsmh-npsol'
PACKAGE_URL=''
PACKAGE_VERSION='1.0'
PATH_SEPARATOR=':'
SET_MAKE=''
SHELL='/bin/sh'
STRIP=''
VERSION='1.0'
ac_ct_CC='gcc'
ac_ct_CXX='mpic++'
ac_ct_FC='gfortran'
am__EXEEXT_FALSE=''
am__EXEEXT_TRUE='#'
am__fastdepCC_FALSE='#'
am__fastdepCC_TRUE=''
am__fastdepCXX_FALSE='#'
am__fastdepCXX_TRUE=''
am__include='include'
am__isrc=''
am__leading_dot='.'
am__nodep='_no'
am__quote=''
am__tar='$${TAR-tar} chof - "$$tardir"'
am__untar='$${TAR-tar} xf -'
bindir='${exec_prefix}/bin'
build='x86_64-unknown-linux-gnu'
build_alias=''
build_cpu='x86_64'
build_os='linux-gnu'
build_vendor='unknown'
datadir='${datarootdir}'
datarootdir='${prefix}/share'
docdir='${datarootdir}/doc/${PACKAGE_TARNAME}'
dvidir='${docdir}'
exec_prefix='${prefix}'
host='x86_64-unknown-linux-gnu'
host_alias=''
host_cpu='x86_64'
host_os='linux-gnu'
host_vendor='unknown'
htmldir='${docdir}'
includedir='${prefix}/include'
infodir='${datarootdir}/info'
install_sh='${SHELL} /home/hongweiwu/dsmh_npsol_package/install-sh'
libdir='${exec_prefix}/lib'
libexecdir='${exec_prefix}/libexec'
localedir='${datarootdir}/locale'
localstatedir='${prefix}/var'
mandir='${datarootdir}/man'
mkdir_p='$(MKDIR_P)'
oldincludedir='/usr/include'
pdfdir='${docdir}'
prefix='/home/hongweiwu/dsmh_npsol_package'
program_transform_name='s,x,x,'
psdir='${docdir}'
sbindir='${exec_prefix}/sbin'
sharedstatedir='${prefix}/com'
sysconfdir='${prefix}/etc'
target_alias=''

## ----------- ##
## confdefs.h. ##
## ----------- ##

/* confdefs.h */
#define PACKAGE_NAME "dsmh-npsol"
#define PACKAGE_TARNAME "dsmh-npsol"
#define PACKAGE_VERSION "1.0"
#define PACKAGE_STRING "dsmh-npsol 1.0"
#define PACKAGE_BUGREPORT "hongwei.wu@atl.frb.org"
#define PACKAGE_URL ""
#define PACKAGE "dsmh-npsol"
#define VERSION "1.0"
#define STDC_HEADERS 1
#define HAVE_SYS_TYPES_H 1
#define HAVE_SYS_STAT_H 1
#define HAVE_STDLIB_H 1
#define HAVE_STRING_H 1
#define HAVE_MEMORY_H 1
#define HAVE_STRINGS_H 1
#define HAVE_INTTYPES_H 1
#define HAVE_STDINT_H 1
#define HAVE_UNISTD_H 1
#define HAVE_MPI 1
#define HAVE_LIBM 1
#define HAVE_LIBGSLCBLAS 1
#define HAVE_LIBGSL 1
#define HAVE_BLAS 1

configure: exit 0

## ---------------------- ##
## Running config.status. ##
## ---------------------- ##

This file was extended by dsmh-npsol config.status 1.0, which was
generated by GNU Autoconf 2.69.  Invocation command line was

  CONFIG_FILES    = 
  CONFIG_HEADERS  = 
  CONFIG_LINKS    = 
  CONFIG_COMMANDS = 
  $ ./config.status src/Makefile depfiles

on localhost.localdomain

config.status:806: creating src/Makefile
config.status:978: executing depfiles commands

## ---------------------- ##
## Running config.status. ##
## ---------------------- ##

This file was extended by dsmh-npsol config.status 1.0, which was
generated by GNU Autoconf 2.69.  Invocation command line was

  CONFIG_FILES    = 
  CONFIG_HEADERS  = 
  CONFIG_LINKS    = 
  CONFIG_COMMANDS = 
  $ ./config.status src/Makefile depfiles

on localhost.localdomain

config.status:806: creating src/Makefile
config.status:978: executing depfiles commands
